0 info it worked if it ends with ok
1 verbose cli [ '/usr/local/Cellar/node/5.0.0/bin/node',
1 verbose cli   '/usr/local/bin/npm',
1 verbose cli   'start' ]
2 info using npm@3.3.9
3 info using node@v5.0.0
4 verbose run-script [ 'prestart', 'start', 'poststart' ]
5 info lifecycle houseplant_assistant@1.0.0~prestart: houseplant_assistant@1.0.0
6 silly lifecycle houseplant_assistant@1.0.0~prestart: no script for prestart, continuing
7 info lifecycle houseplant_assistant@1.0.0~start: houseplant_assistant@1.0.0
8 verbose lifecycle houseplant_assistant@1.0.0~start: unsafe-perm in lifecycle true
9 verbose lifecycle houseplant_assistant@1.0.0~start: PATH: /usr/local/lib/node_modules/npm/bin/node-gyp-bin:/Users/colinmiller/Code/houseplant_assistant/node_modules/.bin:/usr/local/mysql/bin:/Library/Frameworks/Python.framework/Versions/3.4/bin:/usr/local/bin:/usr/bin:/bin:/usr/sbin:/sbin:/usr/local/git/bin:/Applications/Postgres.app/Contents/Versions/9.4/bin
10 verbose lifecycle houseplant_assistant@1.0.0~start: CWD: /Users/colinmiller/Code/houseplant_assistant
11 silly lifecycle houseplant_assistant@1.0.0~start: Args: [ '-c', 'node server/app.js' ]
12 silly lifecycle houseplant_assistant@1.0.0~start: Returned: code: 1  signal: null
13 info lifecycle houseplant_assistant@1.0.0~start: Failed to exec start script
14 verbose stack Error: houseplant_assistant@1.0.0 start: `node server/app.js`
14 verbose stack Exit status 1
14 verbose stack     at EventEmitter.<anonymous> (/usr/local/lib/node_modules/npm/lib/utils/lifecycle.js:233:16)
14 verbose stack     at emitTwo (events.js:87:13)
14 verbose stack     at EventEmitter.emit (events.js:172:7)
14 verbose stack     at ChildProcess.<anonymous> (/usr/local/lib/node_modules/npm/lib/utils/spawn.js:24:14)
14 verbose stack     at emitTwo (events.js:87:13)
14 verbose stack     at ChildProcess.emit (events.js:172:7)
14 verbose stack     at maybeClose (internal/child_process.js:818:16)
14 verbose stack     at Process.ChildProcess._handle.onexit (internal/child_process.js:211:5)
15 verbose pkgid houseplant_assistant@1.0.0
16 verbose cwd /Users/colinmiller/Code/houseplant_assistant
17 error Darwin 15.6.0
18 error argv "/usr/local/Cellar/node/5.0.0/bin/node" "/usr/local/bin/npm" "start"
19 error node v5.0.0
20 error npm  v3.3.9
21 error code ELIFECYCLE
22 error houseplant_assistant@1.0.0 start: `node server/app.js`
22 error Exit status 1
23 error Failed at the houseplant_assistant@1.0.0 start script 'node server/app.js'.
23 error This is most likely a problem with the houseplant_assistant package,
23 error not with npm itself.
23 error Tell the author that this fails on your system:
23 error     node server/app.js
23 error You can get their info via:
23 error     npm owner ls houseplant_assistant
23 error There is likely additional logging output above.
24 verbose exit [ 1, true ]
